{"email":"cesar70@celke.com.br","level":"error","message":"Tentativa de login com dados incorretos."}

{"date":"2023-09-09T20:34:53.867Z","level":"info","message":"Validar chave recuperar senha, chave válida."}
{"date":"2023-09-09T20:53:08.778Z","email":"cesar7@celke.com.br","level":"warn","message":"Tentativa de login com senha incorreta."}
{"date":"2023-09-09T20:53:37.103Z","email":"cesar7@celke.com.br","level":"info","message":"Enviado e-mail com instruções para recuperar a senha."}
{"date":"2023-09-09T20:54:05.482Z","level":"info","message":"Validar chave recuperar senha, chave válida."}
{"date":"2023-09-09T20:54:31.848Z","level":"info","message":"Senha editada com sucesso."}
{"date":"2023-09-09T20:54:44.490Z","email":"cesar7@celke.com.br","level":"info","message":"Login realizado com sucesso."}
{"date":"2023-09-09T20:55:01.977Z","level":"info","message":"Listar usuários.","userId":7}
{"date":"2023-09-09T20:55:24.122Z","level":"info","message":"Validar chave recuperar senha, chave inválida."}
{"date":"2023-09-09T20:56:53.660Z","level":"info","message":"Chave recuperar senha inválida."}
{"date":"2023-12-16T13:08:04.543Z","email":"cesar@celke.com.br","level":"info","message":"Login realizado com sucesso."}
{"date":"2023-12-16T13:08:28.414Z","level":"info","message":"Listar usuários.","userId":1}
{"date":"2023-12-16T13:09:10.970Z","level":"info","message":"Listar usuários.","userId":1}
{"date":"2023-12-16T13:09:27.461Z","level":"info","message":"Listar usuários.","userId":1}
{"date":"2023-12-16T13:15:24.100Z","id":1,"level":"info","message":"Perfil visualizado.","userId":1}
{"date":"2023-12-16T13:15:54.160Z","email":"cesar7@celke.com.br","level":"info","message":"Login realizado com sucesso."}
{"date":"2023-12-16T13:16:27.567Z","id":7,"level":"info","message":"Perfil visualizado.","userId":7}
{"date":"2023-12-16T13:25:37.780Z","id":7,"level":"info","message":"Perfil visualizado.","userId":7}
{"date":"2023-12-16T13:26:02.260Z","email":"cesar@celke.com.br","id":7,"level":"info","message":"Tentativa de usar e-mail já cadastrado em outro usuário.","name":"Cesar","userId":7}
{"date":"2023-12-16T13:26:36.419Z","email":"cesar7@celke.com.br","id":7,"level":"info","message":"Perfil editado com sucesso.","name":"Cesar","userId":7}
{"date":"2023-12-16T13:26:42.748Z","email":"cesar70@celke.com.br","id":7,"level":"info","message":"Perfil editado com sucesso.","name":"Cesar","userId":7}
{"date":"2023-12-16T13:26:50.546Z","email":"cesar7@celke.com.br","level":"warn","message":"Tentativa de login com usuário incorreto."}
{"date":"2023-12-16T13:26:56.820Z","email":"cesar70@celke.com.br","level":"info","message":"Login realizado com sucesso."}
{"date":"2023-12-16T13:27:07.149Z","email":"cesar7@celke.com.br","id":7,"level":"info","message":"Perfil editado com sucesso.","name":"Cesar","userId":7}
{"date":"2023-12-16T13:27:14.191Z","email":"cesar7@celke.com.br","level":"info","message":"Login realizado com sucesso."}
{"date":"2023-12-16T13:27:31.554Z","email":"cesar7@celke.com.br","id":7,"level":"info","message":"Perfil editado com sucesso.","name":"Cesar","userId":7}
{"date":"2023-12-16T13:27:36.383Z","id":7,"level":"info","message":"Perfil visualizado.","userId":7}
{"date":"2023-12-16T13:27:43.885Z","email":"cesar7@celke.com.br","id":7,"level":"info","message":"Perfil editado com sucesso.","name":"Cesar 7","userId":7}
{"date":"2023-12-16T13:27:46.565Z","id":7,"level":"info","message":"Perfil visualizado.","userId":7}
{"date":"2023-12-16T13:35:54.204Z","level":"info","message":"Enviado extensão da imagem inválida no editar imagem do usuário.","userId":7}
{"date":"2023-12-16T13:36:07.254Z","image":"1702733767231879577679.jpg","level":"info","message":"Imagem do perfil editado com sucesso.","userId":7}
{"date":"2023-12-16T13:36:18.753Z","id":7,"level":"info","message":"Perfil visualizado.","userId":7}
{"date":"2023-12-16T13:37:05.948Z","id":7,"image":"1702733767231879577679.jpg","level":"info","message":"Excluida a imagem do usuário.","userId":7}
{"date":"2023-12-16T13:37:05.949Z","image":"1702733825941946881800.jpg","level":"info","message":"Imagem do perfil editado com sucesso.","userId":7}
{"date":"2023-12-16T13:47:14.496Z","id":7,"level":"info","message":"Senha do perfil editado com sucesso.","userId":7}
{"date":"2023-12-16T13:47:24.551Z","id":7,"level":"info","message":"Perfil visualizado.","userId":7}
{"date":"2023-12-16T13:47:30.418Z","email":"cesar7@celke.com.br","level":"warn","message":"Tentativa de login com senha incorreta."}
{"date":"2023-12-16T13:47:38.067Z","email":"cesar7@celke.com.br","level":"info","message":"Login realizado com sucesso."}
{"date":"2023-12-16T13:47:50.936Z","id":7,"level":"info","message":"Perfil visualizado.","userId":7}
{"date":"2023-12-16T13:59:29.977Z","id":7,"level":"info","message":"Senha do usuário editado com sucesso.","userId":7}
{"date":"2023-12-16T13:59:44.877Z","email":"cesar7@celke.com.br","level":"warn","message":"Tentativa de login com senha incorreta."}
{"date":"2023-12-16T13:59:49.185Z","email":"cesar7@celke.com.br","level":"info","message":"Login realizado com sucesso."}
{"date":"2023-12-16T13:59:58.677Z","email":"cesar7@celke.com.br","level":"warn","message":"Tentativa de login com senha incorreta."}
{"date":"2023-12-16T14:00:09.320Z","id":7,"level":"info","message":"Senha do usuário editado com sucesso.","userId":7}
{"date":"2023-12-16T14:00:13.261Z","email":"cesar7@celke.com.br","level":"info","message":"Login realizado com sucesso."}
{"date":"2023-12-16T14:01:30.063Z","email":"cesar7@celke.com.br","level":"info","message":"Enviado e-mail com instruções para recuperar a senha."}
{"date":"2023-12-16T14:02:36.673Z","email":"cesar7@celke.com.br","level":"info","message":"Enviado e-mail com instruções para recuperar a senha."}
{"date":"2023-12-16T14:03:54.119Z","level":"info","message":"Validar chave recuperar senha, chave válida."}
{"date":"2023-12-16T14:04:07.984Z","level":"info","message":"Senha editada com sucesso."}
{"date":"2023-12-16T14:04:11.765Z","level":"info","message":"Chave recuperar senha inválida."}
{"date":"2023-12-16T14:04:26.951Z","email":"cesar7@celke.com.br","level":"warn","message":"Tentativa de login com senha incorreta."}
{"date":"2023-12-16T14:04:31.781Z","email":"cesar7@celke.com.br","level":"info","message":"Login realizado com sucesso."}
{"date":"2023-12-16T14:04:42.950Z","id":7,"level":"info","message":"Senha do perfil editado com sucesso.","userId":7}
{"date":"2023-12-16T14:07:37.002Z","id":7,"level":"info","message":"Senha do perfil editado com sucesso.","userId":7}
{"date":"2023-12-16T14:25:08.698Z","email":"cesar70@celke.com.br","level":"info","message":"Tentativa recuperar senha com e-mail incorreto."}
{"date":"2023-12-16T14:40:09.948Z","email":"cesar7@celke.com.br","level":"info","message":"Enviado e-mail com instruções para recuperar a senha."}
{"date":"2023-12-16T14:45:42.981Z","email":"cesar7@celke.com.br","level":"info","message":"Enviado e-mail com instruções para recuperar a senha."}
{"date":"2023-12-16T14:46:50.468Z","email":"cesar7@celke.com.br","level":"info","message":"Enviado e-mail com instruções para recuperar a senha."}
{"date":"2023-12-16T14:48:07.461Z","email":"cesar7@celke.com.br","level":"info","message":"Enviado e-mail com instruções para recuperar a senha."}
{"date":"2023-12-16T14:49:01.768Z","email":"cesar7@celke.com.br","level":"info","message":"Enviado e-mail com instruções para recuperar a senha."}
{"date":"2023-12-16T14:49:30.597Z","email":"cesar7@celke.com.br","level":"info","message":"Enviado e-mail com instruções para recuperar a senha."}
{"date":"2023-12-16T14:50:31.801Z","email":"cesar7@celke.com.br","level":"info","message":"Enviado e-mail com instruções para recuperar a senha."}
{"date":"2023-12-16T14:59:09.569Z","email":"cesar7@celke.com.br","level":"info","message":"Enviado e-mail com instruções para recuperar a senha."}
{"date":"2023-12-16T15:01:26.457Z","level":"info","message":"Validar token recuperar senha, token válido."}
{"date":"2023-12-16T15:01:32.901Z","level":"info","message":"Validar token recuperar senha, chave inválido."}
{"date":"2023-12-16T15:01:38.811Z","level":"info","message":"Validar token recuperar senha, token válido."}
{"date":"2023-12-16T15:10:00.793Z","level":"info","message":"Token recuperar senha inválido."}
{"date":"2023-12-16T15:10:27.655Z","email":"cesar7@celke.com.br","level":"info","message":"Enviado e-mail com instruções para recuperar a senha."}
{"date":"2023-12-16T15:10:45.270Z","level":"info","message":"Validar token recuperar senha, token válido."}
{"date":"2023-12-16T15:12:11.946Z","level":"info","message":"Senha editada com sucesso."}
{"date":"2023-12-16T15:12:34.408Z","email":"cesar7@celke.com.br","level":"warn","message":"Tentativa de login com senha incorreta."}
{"date":"2023-12-16T15:12:37.988Z","email":"cesar7@celke.com.br","level":"warn","message":"Tentativa de login com senha incorreta."}
{"date":"2023-12-16T15:12:46.246Z","email":"cesar7@celke.com.br","level":"info","message":"Login realizado com sucesso."}
{"date":"2023-12-16T15:13:11.752Z","id":7,"level":"info","message":"Perfil visualizado.","userId":7}
{"date":"2023-12-16T15:13:25.756Z","level":"info","message":"Listar situação.","userId":7}
{"date":"2023-12-16T15:13:44.335Z","level":"info","message":"Token recuperar senha inválido."}
